[debug] [2023-03-28T15:12:44.775Z] ----------------------------------------------------------------------
[debug] [2023-03-28T15:12:44.777Z] Command:       C:\Program Files\nodejs\node.exe C:\Users\ASUS\AppData\Roaming\npm\node_modules\firebase-tools\lib\bin\firebase.js init
[debug] [2023-03-28T15:12:44.778Z] CLI Version:   11.24.1
[debug] [2023-03-28T15:12:44.778Z] Platform:      win32
[debug] [2023-03-28T15:12:44.778Z] Node Version:  v18.12.1
[debug] [2023-03-28T15:12:44.780Z] Time:          Tue Mar 28 2023 20:42:44 GMT+0530 (India Standard Time)
[debug] [2023-03-28T15:12:44.780Z] ----------------------------------------------------------------------
[debug] 
[debug] [2023-03-28T15:12:44.785Z] >>> [apiv2][query] GET https://firebase-public.firebaseio.com/cli.json [none]
[debug] [2023-03-28T15:12:44.905Z] > command requires scopes: ["email","openid","https://www.googleapis.com/auth/cloudplatformprojects.readonly","https://www.googleapis.com/auth/firebase","https://www.googleapis.com/auth/cloud-platform"]
[debug] [2023-03-28T15:12:44.905Z] > authorizing via signed-in user (harshitamehra1723@gmail.com)
[info] 
     ######## #### ########  ######## ########     ###     ######  ########
     ##        ##  ##     ## ##       ##     ##  ##   ##  ##       ##
     ######    ##  ########  ######   ########  #########  ######  ######
     ##        ##  ##    ##  ##       ##     ## ##     ##       ## ##
     ##       #### ##     ## ######## ########  ##     ##  ######  ########

You're about to initialize a Firebase project in this directory:

  C:\Users\ASUS\Documents\REACT\chat-app-firebase

Before we get started, keep in mind:

  * You are initializing within an existing Firebase project directory

[debug] [2023-03-28T15:12:46.576Z] <<< [apiv2][status] GET https://firebase-public.firebaseio.com/cli.json 200
[debug] [2023-03-28T15:12:46.576Z] <<< [apiv2][body] GET https://firebase-public.firebaseio.com/cli.json {"cloudBuildErrorAfter":1594252800000,"cloudBuildWarnAfter":1590019200000,"defaultNode10After":1594252800000,"minVersion":"3.0.5","node8DeploysDisabledAfter":1613390400000,"node8RuntimeDisabledAfter":1615809600000,"node8WarnAfter":1600128000000}
